[     414ms] [LOG] %c Console Ninja extension is connected to Next.js browser, background: rgb(30,30,30); color: rgb(255,213,92) see https://tinyurl.com/2vt8jxzw for more info. @ :0
[     419ms] [INFO] %cDownload the React DevTools for a better development experience: https://react.dev/link/react-devtools font-weight:bold @ http://localhost:3000/_next/static/chunks/06i0_next_dist_17ipmx_._.js:2487
[     462ms] [LOG] [HMR] connected @ http://localhost:3000/_next/static/chunks/06i0_next_dist_17ipmx_._.js:2487
[  357084ms] [LOG] [Fast Refresh] rebuilding @ http://localhost:3000/_next/static/chunks/06i0_next_dist_17ipmx_._.js:2487
[  358031ms] [LOG] [Fast Refresh] done in 716ms @ http://localhost:3000/_next/static/chunks/06i0_next_dist_17ipmx_._.js:2487
[  381102ms] [LOG] [Fast Refresh] rebuilding @ http://localhost:3000/_next/static/chunks/06i0_next_dist_17ipmx_._.js:2487
[  381795ms] [LOG] [Fast Refresh] done in 408ms @ http://localhost:3000/_next/static/chunks/06i0_next_dist_17ipmx_._.js:2487
[  399251ms] [LOG] [Fast Refresh] rebuilding @ http://localhost:3000/_next/static/chunks/06i0_next_dist_17ipmx_._.js:2487
[  399799ms] [LOG] [Fast Refresh] done in 360ms @ http://localhost:3000/_next/static/chunks/06i0_next_dist_17ipmx_._.js:2487
[  413373ms] [LOG] [Fast Refresh] rebuilding @ http://localhost:3000/_next/static/chunks/06i0_next_dist_17ipmx_._.js:2487
[  413552ms] [LOG] [Fast Refresh] done in 282ms @ http://localhost:3000/_next/static/chunks/06i0_next_dist_17ipmx_._.js:2487
[  463637ms] [LOG] [Fast Refresh] rebuilding @ http://localhost:3000/_next/static/chunks/06i0_next_dist_17ipmx_._.js:2487
[  463892ms] [ERROR] ./Website/gembira-momento/components/SalesAssessmentClient.tsx:1791:10
Expected '</', got '}'
  1789 |             )}
  1790 |           </>
> 1791 |         )}
       |          ^
  1792 |       </div>
  1793 |     </div>
  1794 |   );

Parsing ecmascript source code failed

Import trace:
  Server Component:
    ./Website/gembira-momento/components/SalesAssessmentClient.tsx
    ./Website/gembira-momento/app/sales-assessment/page.tsx @ :0
[  464297ms] [ERROR] ./Website/gembira-momento/components/SalesAssessmentClient.tsx:1791:10
Expected '</', got '}'
  1789 |             )}
  1790 |           </>
> 1791 |         )}
       |          ^
  1792 |       </div>
  1793 |     </div>
  1794 |   );

Parsing ecmascript source code failed

Import trace:
  Server Component:
    ./Website/gembira-momento/components/SalesAssessmentClient.tsx
    ./Website/gembira-momento/app/sales-assessment/page.tsx @ :0
[  464344ms] [ERROR] ./Website/gembira-momento/components/SalesAssessmentClient.tsx:1791:10
Expected '</', got '}'
  1789 |             )}
  1790 |           </>
> 1791 |         )}
       |          ^
  1792 |       </div>
  1793 |     </div>
  1794 |   );

Parsing ecmascript source code failed

Import trace:
  Server Component:
    ./Website/gembira-momento/components/SalesAssessmentClient.tsx
    ./Website/gembira-momento/app/sales-assessment/page.tsx @ :0
[  464464ms] [LOG] [Fast Refresh] rebuilding @ http://localhost:3000/_next/static/chunks/06i0_next_dist_17ipmx_._.js:2487
[  464469ms] [ERROR] ./Website/gembira-momento/components/SalesAssessmentClient.tsx:1791:10
Expected '</', got '}'
  1789 |             )}
  1790 |           </>
> 1791 |         )}
       |          ^
  1792 |       </div>
  1793 |     </div>
  1794 |   );

Parsing ecmascript source code failed

Import trace:
  Server Component:
    ./Website/gembira-momento/components/SalesAssessmentClient.tsx
    ./Website/gembira-momento/app/sales-assessment/page.tsx @ :0
[  464549ms] [ERROR] ./Website/gembira-momento/components/SalesAssessmentClient.tsx:1791:10
Expected '</', got '}'
  1789 |             )}
  1790 |           </>
> 1791 |         )}
       |          ^
  1792 |       </div>
  1793 |     </div>
  1794 |   );

Parsing ecmascript source code failed

Import trace:
  Server Component:
    ./Website/gembira-momento/components/SalesAssessmentClient.tsx
    ./Website/gembira-momento/app/sales-assessment/page.tsx @ :0
[  464673ms] [LOG] [Fast Refresh] rebuilding @ http://localhost:3000/_next/static/chunks/06i0_next_dist_17ipmx_._.js:2487
[  464724ms] [ERROR] ./Website/gembira-momento/components/SalesAssessmentClient.tsx:1791:10
Expected '</', got '}'
  1789 |             )}
  1790 |           </>
> 1791 |         )}
       |          ^
  1792 |       </div>
  1793 |     </div>
  1794 |   );

Parsing ecmascript source code failed

Import trace:
  Server Component:
    ./Website/gembira-momento/components/SalesAssessmentClient.tsx
    ./Website/gembira-momento/app/sales-assessment/page.tsx @ :0
[  464785ms] [ERROR] ./Website/gembira-momento/components/SalesAssessmentClient.tsx:1791:10
Expected '</', got '}'
  1789 |             )}
  1790 |           </>
> 1791 |         )}
       |          ^
  1792 |       </div>
  1793 |     </div>
  1794 |   );

Parsing ecmascript source code failed

Import trace:
  Server Component:
    ./Website/gembira-momento/components/SalesAssessmentClient.tsx
    ./Website/gembira-momento/app/sales-assessment/page.tsx @ :0
[  464840ms] [ERROR] ./Website/gembira-momento/components/SalesAssessmentClient.tsx:1791:10
Expected '</', got '}'
  1789 |             )}
  1790 |           </>
> 1791 |         )}
       |          ^
  1792 |       </div>
  1793 |     </div>
  1794 |   );

Parsing ecmascript source code failed

Import trace:
  Server Component:
    ./Website/gembira-momento/components/SalesAssessmentClient.tsx
    ./Website/gembira-momento/app/sales-assessment/page.tsx @ :0
[  464905ms] [ERROR] ./Website/gembira-momento/components/SalesAssessmentClient.tsx:1791:10
Expected '</', got '}'
  1789 |             )}
  1790 |           </>
> 1791 |         )}
       |          ^
  1792 |       </div>
  1793 |     </div>
  1794 |   );

Parsing ecmascript source code failed

Import trace:
  Server Component:
    ./Website/gembira-momento/components/SalesAssessmentClient.tsx
    ./Website/gembira-momento/app/sales-assessment/page.tsx @ :0
[  465028ms] [LOG] [Fast Refresh] rebuilding @ http://localhost:3000/_next/static/chunks/06i0_next_dist_17ipmx_._.js:2487
[  465049ms] [ERROR] ./Website/gembira-momento/components/SalesAssessmentClient.tsx:1791:10
Expected '</', got '}'
  1789 |             )}
  1790 |           </>
> 1791 |         )}
       |          ^
  1792 |       </div>
  1793 |     </div>
  1794 |   );

Parsing ecmascript source code failed

Import trace:
  Server Component:
    ./Website/gembira-momento/components/SalesAssessmentClient.tsx
    ./Website/gembira-momento/app/sales-assessment/page.tsx @ :0
[  465151ms] [LOG] [Fast Refresh] rebuilding @ http://localhost:3000/_next/static/chunks/06i0_next_dist_17ipmx_._.js:2487
[  465214ms] [ERROR] ./Website/gembira-momento/components/SalesAssessmentClient.tsx:1791:10
Expected '</', got '}'
  1789 |             )}
  1790 |           </>
> 1791 |         )}
       |          ^
  1792 |       </div>
  1793 |     </div>
  1794 |   );

Parsing ecmascript source code failed

Import trace:
  Server Component:
    ./Website/gembira-momento/components/SalesAssessmentClient.tsx
    ./Website/gembira-momento/app/sales-assessment/page.tsx @ :0
[  465281ms] [ERROR] ./Website/gembira-momento/components/SalesAssessmentClient.tsx:1791:10
Expected '</', got '}'
  1789 |             )}
  1790 |           </>
> 1791 |         )}
       |          ^
  1792 |       </div>
  1793 |     </div>
  1794 |   );

Parsing ecmascript source code failed

Import trace:
  Server Component:
    ./Website/gembira-momento/components/SalesAssessmentClient.tsx
    ./Website/gembira-momento/app/sales-assessment/page.tsx @ :0
[  465354ms] [ERROR] ./Website/gembira-momento/components/SalesAssessmentClient.tsx:1791:10
Expected '</', got '}'
  1789 |             )}
  1790 |           </>
> 1791 |         )}
       |          ^
  1792 |       </div>
  1793 |     </div>
  1794 |   );

Parsing ecmascript source code failed

Import trace:
  Server Component:
    ./Website/gembira-momento/components/SalesAssessmentClient.tsx
    ./Website/gembira-momento/app/sales-assessment/page.tsx @ :0
[  465477ms] [ERROR] ./Website/gembira-momento/components/SalesAssessmentClient.tsx:1791:10
Expected '</', got '}'
  1789 |             )}
  1790 |           </>
> 1791 |         )}
       |          ^
  1792 |       </div>
  1793 |     </div>
  1794 |   );

Parsing ecmascript source code failed

Import trace:
  Server Component:
    ./Website/gembira-momento/components/SalesAssessmentClient.tsx
    ./Website/gembira-momento/app/sales-assessment/page.tsx @ :0
[  465479ms] [LOG] [Fast Refresh] rebuilding @ http://localhost:3000/_next/static/chunks/06i0_next_dist_17ipmx_._.js:2487
[  465567ms] [ERROR] ./Website/gembira-momento/components/SalesAssessmentClient.tsx:1791:10
Expected '</', got '}'
  1789 |             )}
  1790 |           </>
> 1791 |         )}
       |          ^
  1792 |       </div>
  1793 |     </div>
  1794 |   );

Parsing ecmascript source code failed

Import trace:
  Server Component:
    ./Website/gembira-momento/components/SalesAssessmentClient.tsx
    ./Website/gembira-momento/app/sales-assessment/page.tsx @ :0
[  465646ms] [ERROR] ./Website/gembira-momento/components/SalesAssessmentClient.tsx:1791:10
Expected '</', got '}'
  1789 |             )}
  1790 |           </>
> 1791 |         )}
       |          ^
  1792 |       </div>
  1793 |     </div>
  1794 |   );

Parsing ecmascript source code failed

Import trace:
  Server Component:
    ./Website/gembira-momento/components/SalesAssessmentClient.tsx
    ./Website/gembira-momento/app/sales-assessment/page.tsx @ :0
[  465757ms] [ERROR] ./Website/gembira-momento/components/SalesAssessmentClient.tsx:1791:10
Expected '</', got '}'
  1789 |             )}
  1790 |           </>
> 1791 |         )}
       |          ^
  1792 |       </div>
  1793 |     </div>
  1794 |   );

Parsing ecmascript source code failed

Import trace:
  Server Component:
    ./Website/gembira-momento/components/SalesAssessmentClient.tsx
    ./Website/gembira-momento/app/sales-assessment/page.tsx @ :0
[  465823ms] [ERROR] ./Website/gembira-momento/components/SalesAssessmentClient.tsx:1791:10
Expected '</', got '}'
  1789 |             )}
  1790 |           </>
> 1791 |         )}
       |          ^
  1792 |       </div>
  1793 |     </div>
  1794 |   );

Parsing ecmascript source code failed

Import trace:
  Server Component:
    ./Website/gembira-momento/components/SalesAssessmentClient.tsx
    ./Website/gembira-momento/app/sales-assessment/page.tsx @ :0
[  465894ms] [ERROR] ./Website/gembira-momento/components/SalesAssessmentClient.tsx:1791:10
Expected '</', got '}'
  1789 |             )}
  1790 |           </>
> 1791 |         )}
       |          ^
  1792 |       </div>
  1793 |     </div>
  1794 |   );

Parsing ecmascript source code failed

Import trace:
  Server Component:
    ./Website/gembira-momento/components/SalesAssessmentClient.tsx
    ./Website/gembira-momento/app/sales-assessment/page.tsx @ :0
[  465957ms] [ERROR] ./Website/gembira-momento/components/SalesAssessmentClient.tsx:1791:10
Expected '</', got '}'
  1789 |             )}
  1790 |           </>
> 1791 |         )}
       |          ^
  1792 |       </div>
  1793 |     </div>
  1794 |   );

Parsing ecmascript source code failed

Import trace:
  Server Component:
    ./Website/gembira-momento/components/SalesAssessmentClient.tsx
    ./Website/gembira-momento/app/sales-assessment/page.tsx @ :0
[  466021ms] [ERROR] ./Website/gembira-momento/components/SalesAssessmentClient.tsx:1791:10
Expected '</', got '}'
  1789 |             )}
  1790 |           </>
> 1791 |         )}
       |          ^
  1792 |       </div>
  1793 |     </div>
  1794 |   );

Parsing ecmascript source code failed

Import trace:
  Server Component:
    ./Website/gembira-momento/components/SalesAssessmentClient.tsx
    ./Website/gembira-momento/app/sales-assessment/page.tsx @ :0
[  466089ms] [ERROR] ./Website/gembira-momento/components/SalesAssessmentClient.tsx:1791:10
Expected '</', got '}'
  1789 |             )}
  1790 |           </>
> 1791 |         )}
       |          ^
  1792 |       </div>
  1793 |     </div>
  1794 |   );

Parsing ecmascript source code failed

Import trace:
  Server Component:
    ./Website/gembira-momento/components/SalesAssessmentClient.tsx
    ./Website/gembira-momento/app/sales-assessment/page.tsx @ :0
[  466156ms] [ERROR] ./Website/gembira-momento/components/SalesAssessmentClient.tsx:1791:10
Expected '</', got '}'
  1789 |             )}
  1790 |           </>
> 1791 |         )}
       |          ^
  1792 |       </div>
  1793 |     </div>
  1794 |   );

Parsing ecmascript source code failed

Import trace:
  Server Component:
    ./Website/gembira-momento/components/SalesAssessmentClient.tsx
    ./Website/gembira-momento/app/sales-assessment/page.tsx @ :0
[  466221ms] [ERROR] ./Website/gembira-momento/components/SalesAssessmentClient.tsx:1791:10
Expected '</', got '}'
  1789 |             )}
  1790 |           </>
> 1791 |         )}
       |          ^
  1792 |       </div>
  1793 |     </div>
  1794 |   );

Parsing ecmascript source code failed

Import trace:
  Server Component:
    ./Website/gembira-momento/components/SalesAssessmentClient.tsx
    ./Website/gembira-momento/app/sales-assessment/page.tsx @ :0
[  466284ms] [ERROR] ./Website/gembira-momento/components/SalesAssessmentClient.tsx:1791:10
Expected '</', got '}'
  1789 |             )}
  1790 |           </>
> 1791 |         )}
       |          ^
  1792 |       </div>
  1793 |     </div>
  1794 |   );

Parsing ecmascript source code failed

Import trace:
  Server Component:
    ./Website/gembira-momento/components/SalesAssessmentClient.tsx
    ./Website/gembira-momento/app/sales-assessment/page.tsx @ :0
[  466425ms] [LOG] [Fast Refresh] rebuilding @ http://localhost:3000/_next/static/chunks/06i0_next_dist_17ipmx_._.js:2487
[  466438ms] [ERROR] ./Website/gembira-momento/components/SalesAssessmentClient.tsx:1791:10
Expected '</', got '}'
  1789 |             )}
  1790 |           </>
> 1791 |         )}
       |          ^
  1792 |       </div>
  1793 |     </div>
  1794 |   );

Parsing ecmascript source code failed

Import trace:
  Server Component:
    ./Website/gembira-momento/components/SalesAssessmentClient.tsx
    ./Website/gembira-momento/app/sales-assessment/page.tsx @ :0
[  466500ms] [ERROR] ./Website/gembira-momento/components/SalesAssessmentClient.tsx:1791:10
Expected '</', got '}'
  1789 |             )}
  1790 |           </>
> 1791 |         )}
       |          ^
  1792 |       </div>
  1793 |     </div>
  1794 |   );

Parsing ecmascript source code failed

Import trace:
  Server Component:
    ./Website/gembira-momento/components/SalesAssessmentClient.tsx
    ./Website/gembira-momento/app/sales-assessment/page.tsx @ :0
[  466564ms] [ERROR] ./Website/gembira-momento/components/SalesAssessmentClient.tsx:1791:10
Expected '</', got '}'
  1789 |             )}
  1790 |           </>
> 1791 |         )}
       |          ^
  1792 |       </div>
  1793 |     </div>
  1794 |   );

Parsing ecmascript source code failed

Import trace:
  Server Component:
    ./Website/gembira-momento/components/SalesAssessmentClient.tsx
    ./Website/gembira-momento/app/sales-assessment/page.tsx @ :0
[  466626ms] [ERROR] ./Website/gembira-momento/components/SalesAssessmentClient.tsx:1791:10
Expected '</', got '}'
  1789 |             )}
  1790 |           </>
> 1791 |         )}
       |          ^
  1792 |       </div>
  1793 |     </div>
  1794 |   );

Parsing ecmascript source code failed

Import trace:
  Server Component:
    ./Website/gembira-momento/components/SalesAssessmentClient.tsx
    ./Website/gembira-momento/app/sales-assessment/page.tsx @ :0
[  466690ms] [ERROR] ./Website/gembira-momento/components/SalesAssessmentClient.tsx:1791:10
Expected '</', got '}'
  1789 |             )}
  1790 |           </>
> 1791 |         )}
       |          ^
  1792 |       </div>
  1793 |     </div>
  1794 |   );

Parsing ecmascript source code failed

Import trace:
  Server Component:
    ./Website/gembira-momento/components/SalesAssessmentClient.tsx
    ./Website/gembira-momento/app/sales-assessment/page.tsx @ :0
[  466772ms] [ERROR] ./Website/gembira-momento/components/SalesAssessmentClient.tsx:1791:10
Expected '</', got '}'
  1789 |             )}
  1790 |           </>
> 1791 |         )}
       |          ^
  1792 |       </div>
  1793 |     </div>
  1794 |   );

Parsing ecmascript source code failed

Import trace:
  Server Component:
    ./Website/gembira-momento/components/SalesAssessmentClient.tsx
    ./Website/gembira-momento/app/sales-assessment/page.tsx @ :0
[  466840ms] [ERROR] ./Website/gembira-momento/components/SalesAssessmentClient.tsx:1791:10
Expected '</', got '}'
  1789 |             )}
  1790 |           </>
> 1791 |         )}
       |          ^
  1792 |       </div>
  1793 |     </div>
  1794 |   );

Parsing ecmascript source code failed

Import trace:
  Server Component:
    ./Website/gembira-momento/components/SalesAssessmentClient.tsx
    ./Website/gembira-momento/app/sales-assessment/page.tsx @ :0
[  466903ms] [ERROR] ./Website/gembira-momento/components/SalesAssessmentClient.tsx:1791:10
Expected '</', got '}'
  1789 |             )}
  1790 |           </>
> 1791 |         )}
       |          ^
  1792 |       </div>
  1793 |     </div>
  1794 |   );

Parsing ecmascript source code failed

Import trace:
  Server Component:
    ./Website/gembira-momento/components/SalesAssessmentClient.tsx
    ./Website/gembira-momento/app/sales-assessment/page.tsx @ :0
[  466965ms] [ERROR] ./Website/gembira-momento/components/SalesAssessmentClient.tsx:1791:10
Expected '</', got '}'
  1789 |             )}
  1790 |           </>
> 1791 |         )}
       |          ^
  1792 |       </div>
  1793 |     </div>
  1794 |   );

Parsing ecmascript source code failed

Import trace:
  Server Component:
    ./Website/gembira-momento/components/SalesAssessmentClient.tsx
    ./Website/gembira-momento/app/sales-assessment/page.tsx @ :0
[  467025ms] [ERROR] ./Website/gembira-momento/components/SalesAssessmentClient.tsx:1791:10
Expected '</', got '}'
  1789 |             )}
  1790 |           </>
> 1791 |         )}
       |          ^
  1792 |       </div>
  1793 |     </div>
  1794 |   );

Parsing ecmascript source code failed

Import trace:
  Server Component:
    ./Website/gembira-momento/components/SalesAssessmentClient.tsx
    ./Website/gembira-momento/app/sales-assessment/page.tsx @ :0
[  467084ms] [ERROR] ./Website/gembira-momento/components/SalesAssessmentClient.tsx:1791:10
Expected '</', got '}'
  1789 |             )}
  1790 |           </>
> 1791 |         )}
       |          ^
  1792 |       </div>
  1793 |     </div>
  1794 |   );

Parsing ecmascript source code failed

Import trace:
  Server Component:
    ./Website/gembira-momento/components/SalesAssessmentClient.tsx
    ./Website/gembira-momento/app/sales-assessment/page.tsx @ :0
[  467151ms] [ERROR] ./Website/gembira-momento/components/SalesAssessmentClient.tsx:1791:10
Expected '</', got '}'
  1789 |             )}
  1790 |           </>
> 1791 |         )}
       |          ^
  1792 |       </div>
  1793 |     </div>
  1794 |   );

Parsing ecmascript source code failed

Import trace:
  Server Component:
    ./Website/gembira-momento/components/SalesAssessmentClient.tsx
    ./Website/gembira-momento/app/sales-assessment/page.tsx @ :0
[  467214ms] [ERROR] ./Website/gembira-momento/components/SalesAssessmentClient.tsx:1791:10
Expected '</', got '}'
  1789 |             )}
  1790 |           </>
> 1791 |         )}
       |          ^
  1792 |       </div>
  1793 |     </div>
  1794 |   );

Parsing ecmascript source code failed

Import trace:
  Server Component:
    ./Website/gembira-momento/components/SalesAssessmentClient.tsx
    ./Website/gembira-momento/app/sales-assessment/page.tsx @ :0
[  467281ms] [ERROR] ./Website/gembira-momento/components/SalesAssessmentClient.tsx:1791:10
Expected '</', got '}'
  1789 |             )}
  1790 |           </>
> 1791 |         )}
       |          ^
  1792 |       </div>
  1793 |     </div>
  1794 |   );

Parsing ecmascript source code failed

Import trace:
  Server Component:
    ./Website/gembira-momento/components/SalesAssessmentClient.tsx
    ./Website/gembira-momento/app/sales-assessment/page.tsx @ :0
[  467344ms] [ERROR] ./Website/gembira-momento/components/SalesAssessmentClient.tsx:1791:10
Expected '</', got '}'
  1789 |             )}
  1790 |           </>
> 1791 |         )}
       |          ^
  1792 |       </div>
  1793 |     </div>
  1794 |   );

Parsing ecmascript source code failed

Import trace:
  Server Component:
    ./Website/gembira-momento/components/SalesAssessmentClient.tsx
    ./Website/gembira-momento/app/sales-assessment/page.tsx @ :0
[  467407ms] [ERROR] ./Website/gembira-momento/components/SalesAssessmentClient.tsx:1791:10
Expected '</', got '}'
  1789 |             )}
  1790 |           </>
> 1791 |         )}
       |          ^
  1792 |       </div>
  1793 |     </div>
  1794 |   );

Parsing ecmascript source code failed

Import trace:
  Server Component:
    ./Website/gembira-momento/components/SalesAssessmentClient.tsx
    ./Website/gembira-momento/app/sales-assessment/page.tsx @ :0
[  467476ms] [ERROR] ./Website/gembira-momento/components/SalesAssessmentClient.tsx:1791:10
Expected '</', got '}'
  1789 |             )}
  1790 |           </>
> 1791 |         )}
       |          ^
  1792 |       </div>
  1793 |     </div>
  1794 |   );

Parsing ecmascript source code failed

Import trace:
  Server Component:
    ./Website/gembira-momento/components/SalesAssessmentClient.tsx
    ./Website/gembira-momento/app/sales-assessment/page.tsx @ :0
[  467544ms] [ERROR] ./Website/gembira-momento/components/SalesAssessmentClient.tsx:1791:10
Expected '</', got '}'
  1789 |             )}
  1790 |           </>
> 1791 |         )}
       |          ^
  1792 |       </div>
  1793 |     </div>
  1794 |   );

Parsing ecmascript source code failed

Import trace:
  Server Component:
    ./Website/gembira-momento/components/SalesAssessmentClient.tsx
    ./Website/gembira-momento/app/sales-assessment/page.tsx @ :0
[  467615ms] [ERROR] ./Website/gembira-momento/components/SalesAssessmentClient.tsx:1791:10
Expected '</', got '}'
  1789 |             )}
  1790 |           </>
> 1791 |         )}
       |          ^
  1792 |       </div>
  1793 |     </div>
  1794 |   );

Parsing ecmascript source code failed

Import trace:
  Server Component:
    ./Website/gembira-momento/components/SalesAssessmentClient.tsx
    ./Website/gembira-momento/app/sales-assessment/page.tsx @ :0
[  467682ms] [ERROR] ./Website/gembira-momento/components/SalesAssessmentClient.tsx:1791:10
Expected '</', got '}'
  1789 |             )}
  1790 |           </>
> 1791 |         )}
       |          ^
  1792 |       </div>
  1793 |     </div>
  1794 |   );

Parsing ecmascript source code failed

Import trace:
  Server Component:
    ./Website/gembira-momento/components/SalesAssessmentClient.tsx
    ./Website/gembira-momento/app/sales-assessment/page.tsx @ :0
[  467748ms] [ERROR] ./Website/gembira-momento/components/SalesAssessmentClient.tsx:1791:10
Expected '</', got '}'
  1789 |             )}
  1790 |           </>
> 1791 |         )}
       |          ^
  1792 |       </div>
  1793 |     </div>
  1794 |   );

Parsing ecmascript source code failed

Import trace:
  Server Component:
    ./Website/gembira-momento/components/SalesAssessmentClient.tsx
    ./Website/gembira-momento/app/sales-assessment/page.tsx @ :0
[  467809ms] [ERROR] ./Website/gembira-momento/components/SalesAssessmentClient.tsx:1791:10
Expected '</', got '}'
  1789 |             )}
  1790 |           </>
> 1791 |         )}
       |          ^
  1792 |       </div>
  1793 |     </div>
  1794 |   );

Parsing ecmascript source code failed

Import trace:
  Server Component:
    ./Website/gembira-momento/components/SalesAssessmentClient.tsx
    ./Website/gembira-momento/app/sales-assessment/page.tsx @ :0
[  467871ms] [ERROR] ./Website/gembira-momento/components/SalesAssessmentClient.tsx:1791:10
Expected '</', got '}'
  1789 |             )}
  1790 |           </>
> 1791 |         )}
       |          ^
  1792 |       </div>
  1793 |     </div>
  1794 |   );

Parsing ecmascript source code failed

Import trace:
  Server Component:
    ./Website/gembira-momento/components/SalesAssessmentClient.tsx
    ./Website/gembira-momento/app/sales-assessment/page.tsx @ :0
[  467942ms] [ERROR] ./Website/gembira-momento/components/SalesAssessmentClient.tsx:1791:10
Expected '</', got '}'
  1789 |             )}
  1790 |           </>
> 1791 |         )}
       |          ^
  1792 |       </div>
  1793 |     </div>
  1794 |   );

Parsing ecmascript source code failed

Import trace:
  Server Component:
    ./Website/gembira-momento/components/SalesAssessmentClient.tsx
    ./Website/gembira-momento/app/sales-assessment/page.tsx @ :0
[  468053ms] [ERROR] ./Website/gembira-momento/components/SalesAssessmentClient.tsx:1791:10
Expected '</', got '}'
  1789 |             )}
  1790 |           </>
> 1791 |         )}
       |          ^
  1792 |       </div>
  1793 |     </div>
  1794 |   );

Parsing ecmascript source code failed

Import trace:
  Server Component:
    ./Website/gembira-momento/components/SalesAssessmentClient.tsx
    ./Website/gembira-momento/app/sales-assessment/page.tsx @ :0
[  468124ms] [ERROR] ./Website/gembira-momento/components/SalesAssessmentClient.tsx:1791:10
Expected '</', got '}'
  1789 |             )}
  1790 |           </>
> 1791 |         )}
       |          ^
  1792 |       </div>
  1793 |     </div>
  1794 |   );

Parsing ecmascript source code failed

Import trace:
  Server Component:
    ./Website/gembira-momento/components/SalesAssessmentClient.tsx
    ./Website/gembira-momento/app/sales-assessment/page.tsx @ :0
[  468187ms] [ERROR] ./Website/gembira-momento/components/SalesAssessmentClient.tsx:1791:10
Expected '</', got '}'
  1789 |             )}
  1790 |           </>
> 1791 |         )}
       |          ^
  1792 |       </div>
  1793 |     </div>
  1794 |   );

Parsing ecmascript source code failed

Import trace:
  Server Component:
    ./Website/gembira-momento/components/SalesAssessmentClient.tsx
    ./Website/gembira-momento/app/sales-assessment/page.tsx @ :0
[  468250ms] [ERROR] ./Website/gembira-momento/components/SalesAssessmentClient.tsx:1791:10
Expected '</', got '}'
  1789 |             )}
  1790 |           </>
> 1791 |         )}
       |          ^
  1792 |       </div>
  1793 |     </div>
  1794 |   );

Parsing ecmascript source code failed

Import trace:
  Server Component:
    ./Website/gembira-momento/components/SalesAssessmentClient.tsx
    ./Website/gembira-momento/app/sales-assessment/page.tsx @ :0
[  468310ms] [ERROR] ./Website/gembira-momento/components/SalesAssessmentClient.tsx:1791:10
Expected '</', got '}'
  1789 |             )}
  1790 |           </>
> 1791 |         )}
       |          ^
  1792 |       </div>
  1793 |     </div>
  1794 |   );

Parsing ecmascript source code failed

Import trace:
  Server Component:
    ./Website/gembira-momento/components/SalesAssessmentClient.tsx
    ./Website/gembira-momento/app/sales-assessment/page.tsx @ :0
[  468369ms] [ERROR] ./Website/gembira-momento/components/SalesAssessmentClient.tsx:1791:10
Expected '</', got '}'
  1789 |             )}
  1790 |           </>
> 1791 |         )}
       |          ^
  1792 |       </div>
  1793 |     </div>
  1794 |   );

Parsing ecmascript source code failed

Import trace:
  Server Component:
    ./Website/gembira-momento/components/SalesAssessmentClient.tsx
    ./Website/gembira-momento/app/sales-assessment/page.tsx @ :0
[  468430ms] [ERROR] ./Website/gembira-momento/components/SalesAssessmentClient.tsx:1791:10
Expected '</', got '}'
  1789 |             )}
  1790 |           </>
> 1791 |         )}
       |          ^
  1792 |       </div>
  1793 |     </div>
  1794 |   );

Parsing ecmascript source code failed

Import trace:
  Server Component:
    ./Website/gembira-momento/components/SalesAssessmentClient.tsx
    ./Website/gembira-momento/app/sales-assessment/page.tsx @ :0
[  468490ms] [ERROR] ./Website/gembira-momento/components/SalesAssessmentClient.tsx:1791:10
Expected '</', got '}'
  1789 |             )}
  1790 |           </>
> 1791 |         )}
       |          ^
  1792 |       </div>
  1793 |     </div>
  1794 |   );

Parsing ecmascript source code failed

Import trace:
  Server Component:
    ./Website/gembira-momento/components/SalesAssessmentClient.tsx
    ./Website/gembira-momento/app/sales-assessment/page.tsx @ :0
[  468553ms] [ERROR] ./Website/gembira-momento/components/SalesAssessmentClient.tsx:1791:10
Expected '</', got '}'
  1789 |             )}
  1790 |           </>
> 1791 |         )}
       |          ^
  1792 |       </div>
  1793 |     </div>
  1794 |   );

Parsing ecmascript source code failed

Import trace:
  Server Component:
    ./Website/gembira-momento/components/SalesAssessmentClient.tsx
    ./Website/gembira-momento/app/sales-assessment/page.tsx @ :0
[  468618ms] [ERROR] ./Website/gembira-momento/components/SalesAssessmentClient.tsx:1791:10
Expected '</', got '}'
  1789 |             )}
  1790 |           </>
> 1791 |         )}
       |          ^
  1792 |       </div>
  1793 |     </div>
  1794 |   );

Parsing ecmascript source code failed

Import trace:
  Server Component:
    ./Website/gembira-momento/components/SalesAssessmentClient.tsx
    ./Website/gembira-momento/app/sales-assessment/page.tsx @ :0
[  468680ms] [ERROR] ./Website/gembira-momento/components/SalesAssessmentClient.tsx:1791:10
Expected '</', got '}'
  1789 |             )}
  1790 |           </>
> 1791 |         )}
       |          ^
  1792 |       </div>
  1793 |     </div>
  1794 |   );

Parsing ecmascript source code failed

Import trace:
  Server Component:
    ./Website/gembira-momento/components/SalesAssessmentClient.tsx
    ./Website/gembira-momento/app/sales-assessment/page.tsx @ :0
[  468743ms] [ERROR] ./Website/gembira-momento/components/SalesAssessmentClient.tsx:1791:10
Expected '</', got '}'
  1789 |             )}
  1790 |           </>
> 1791 |         )}
       |          ^
  1792 |       </div>
  1793 |     </div>
  1794 |   );

Parsing ecmascript source code failed

Import trace:
  Server Component:
    ./Website/gembira-momento/components/SalesAssessmentClient.tsx
    ./Website/gembira-momento/app/sales-assessment/page.tsx @ :0
[  468806ms] [ERROR] ./Website/gembira-momento/components/SalesAssessmentClient.tsx:1791:10
Expected '</', got '}'
  1789 |             )}
  1790 |           </>
> 1791 |         )}
       |          ^
  1792 |       </div>
  1793 |     </div>
  1794 |   );

Parsing ecmascript source code failed

Import trace:
  Server Component:
    ./Website/gembira-momento/components/SalesAssessmentClient.tsx
    ./Website/gembira-momento/app/sales-assessment/page.tsx @ :0
[  468869ms] [ERROR] ./Website/gembira-momento/components/SalesAssessmentClient.tsx:1791:10
Expected '</', got '}'
  1789 |             )}
  1790 |           </>
> 1791 |         )}
       |          ^
  1792 |       </div>
  1793 |     </div>
  1794 |   );

Parsing ecmascript source code failed

Import trace:
  Server Component:
    ./Website/gembira-momento/components/SalesAssessmentClient.tsx
    ./Website/gembira-momento/app/sales-assessment/page.tsx @ :0
[  468933ms] [ERROR] ./Website/gembira-momento/components/SalesAssessmentClient.tsx:1791:10
Expected '</', got '}'
  1789 |             )}
  1790 |           </>
> 1791 |         )}
       |          ^
  1792 |       </div>
  1793 |     </div>
  1794 |   );

Parsing ecmascript source code failed

Import trace:
  Server Component:
    ./Website/gembira-momento/components/SalesAssessmentClient.tsx
    ./Website/gembira-momento/app/sales-assessment/page.tsx @ :0
[  468996ms] [ERROR] ./Website/gembira-momento/components/SalesAssessmentClient.tsx:1791:10
Expected '</', got '}'
  1789 |             )}
  1790 |           </>
> 1791 |         )}
       |          ^
  1792 |       </div>
  1793 |     </div>
  1794 |   );

Parsing ecmascript source code failed

Import trace:
  Server Component:
    ./Website/gembira-momento/components/SalesAssessmentClient.tsx
    ./Website/gembira-momento/app/sales-assessment/page.tsx @ :0
[  469065ms] [ERROR] ./Website/gembira-momento/components/SalesAssessmentClient.tsx:1791:10
Expected '</', got '}'
  1789 |             )}
  1790 |           </>
> 1791 |         )}
       |          ^
  1792 |       </div>
  1793 |     </div>
  1794 |   );

Parsing ecmascript source code failed

Import trace:
  Server Component:
    ./Website/gembira-momento/components/SalesAssessmentClient.tsx
    ./Website/gembira-momento/app/sales-assessment/page.tsx @ :0
[  469128ms] [ERROR] ./Website/gembira-momento/components/SalesAssessmentClient.tsx:1791:10
Expected '</', got '}'
  1789 |             )}
  1790 |           </>
> 1791 |         )}
       |          ^
  1792 |       </div>
  1793 |     </div>
  1794 |   );

Parsing ecmascript source code failed

Import trace:
  Server Component:
    ./Website/gembira-momento/components/SalesAssessmentClient.tsx
    ./Website/gembira-momento/app/sales-assessment/page.tsx @ :0
[  469192ms] [ERROR] ./Website/gembira-momento/components/SalesAssessmentClient.tsx:1791:10
Expected '</', got '}'
  1789 |             )}
  1790 |           </>
> 1791 |         )}
       |          ^
  1792 |       </div>
  1793 |     </div>
  1794 |   );

Parsing ecmascript source code failed

Import trace:
  Server Component:
    ./Website/gembira-momento/components/SalesAssessmentClient.tsx
    ./Website/gembira-momento/app/sales-assessment/page.tsx @ :0
[  469255ms] [ERROR] ./Website/gembira-momento/components/SalesAssessmentClient.tsx:1791:10
Expected '</', got '}'
  1789 |             )}
  1790 |           </>
> 1791 |         )}
       |          ^
  1792 |       </div>
  1793 |     </div>
  1794 |   );

Parsing ecmascript source code failed

Import trace:
  Server Component:
    ./Website/gembira-momento/components/SalesAssessmentClient.tsx
    ./Website/gembira-momento/app/sales-assessment/page.tsx @ :0
[  469317ms] [ERROR] ./Website/gembira-momento/components/SalesAssessmentClient.tsx:1791:10
Expected '</', got '}'
  1789 |             )}
  1790 |           </>
> 1791 |         )}
       |          ^
  1792 |       </div>
  1793 |     </div>
  1794 |   );

Parsing ecmascript source code failed

Import trace:
  Server Component:
    ./Website/gembira-momento/components/SalesAssessmentClient.tsx
    ./Website/gembira-momento/app/sales-assessment/page.tsx @ :0
[  469397ms] [ERROR] ./Website/gembira-momento/components/SalesAssessmentClient.tsx:1791:10
Expected '</', got '}'
  1789 |             )}
  1790 |           </>
> 1791 |         )}
       |          ^
  1792 |       </div>
  1793 |     </div>
  1794 |   );

Parsing ecmascript source code failed

Import trace:
  Server Component:
    ./Website/gembira-momento/components/SalesAssessmentClient.tsx
    ./Website/gembira-momento/app/sales-assessment/page.tsx @ :0
[  469461ms] [ERROR] ./Website/gembira-momento/components/SalesAssessmentClient.tsx:1791:10
Expected '</', got '}'
  1789 |             )}
  1790 |           </>
> 1791 |         )}
       |          ^
  1792 |       </div>
  1793 |     </div>
  1794 |   );

Parsing ecmascript source code failed

Import trace:
  Server Component:
    ./Website/gembira-momento/components/SalesAssessmentClient.tsx
    ./Website/gembira-momento/app/sales-assessment/page.tsx @ :0
[  469527ms] [ERROR] ./Website/gembira-momento/components/SalesAssessmentClient.tsx:1791:10
Expected '</', got '}'
  1789 |             )}
  1790 |           </>
> 1791 |         )}
       |          ^
  1792 |       </div>
  1793 |     </div>
  1794 |   );

Parsing ecmascript source code failed

Import trace:
  Server Component:
    ./Website/gembira-momento/components/SalesAssessmentClient.tsx
    ./Website/gembira-momento/app/sales-assessment/page.tsx @ :0
[  469592ms] [ERROR] ./Website/gembira-momento/components/SalesAssessmentClient.tsx:1791:10
Expected '</', got '}'
  1789 |             )}
  1790 |           </>
> 1791 |         )}
       |          ^
  1792 |       </div>
  1793 |     </div>
  1794 |   );

Parsing ecmascript source code failed

Import trace:
  Server Component:
    ./Website/gembira-momento/components/SalesAssessmentClient.tsx
    ./Website/gembira-momento/app/sales-assessment/page.tsx @ :0
[  469654ms] [ERROR] ./Website/gembira-momento/components/SalesAssessmentClient.tsx:1791:10
Expected '</', got '}'
  1789 |             )}
  1790 |           </>
> 1791 |         )}
       |          ^
  1792 |       </div>
  1793 |     </div>
  1794 |   );

Parsing ecmascript source code failed

Import trace:
  Server Component:
    ./Website/gembira-momento/components/SalesAssessmentClient.tsx
    ./Website/gembira-momento/app/sales-assessment/page.tsx @ :0
[  469765ms] [ERROR] ./Website/gembira-momento/components/SalesAssessmentClient.tsx:1791:10
Expected '</', got '}'
  1789 |             )}
  1790 |           </>
> 1791 |         )}
       |          ^
  1792 |       </div>
  1793 |     </div>
  1794 |   );

Parsing ecmascript source code failed

Import trace:
  Server Component:
    ./Website/gembira-momento/components/SalesAssessmentClient.tsx
    ./Website/gembira-momento/app/sales-assessment/page.tsx @ :0
[  469828ms] [ERROR] ./Website/gembira-momento/components/SalesAssessmentClient.tsx:1791:10
Expected '</', got '}'
  1789 |             )}
  1790 |           </>
> 1791 |         )}
       |          ^
  1792 |       </div>
  1793 |     </div>
  1794 |   );

Parsing ecmascript source code failed

Import trace:
  Server Component:
    ./Website/gembira-momento/components/SalesAssessmentClient.tsx
    ./Website/gembira-momento/app/sales-assessment/page.tsx @ :0
[  469891ms] [ERROR] ./Website/gembira-momento/components/SalesAssessmentClient.tsx:1791:10
Expected '</', got '}'
  1789 |             )}
  1790 |           </>
> 1791 |         )}
       |          ^
  1792 |       </div>
  1793 |     </div>
  1794 |   );

Parsing ecmascript source code failed

Import trace:
  Server Component:
    ./Website/gembira-momento/components/SalesAssessmentClient.tsx
    ./Website/gembira-momento/app/sales-assessment/page.tsx @ :0
[  469952ms] [ERROR] ./Website/gembira-momento/components/SalesAssessmentClient.tsx:1791:10
Expected '</', got '}'
  1789 |             )}
  1790 |           </>
> 1791 |         )}
       |          ^
  1792 |       </div>
  1793 |     </div>
  1794 |   );

Parsing ecmascript source code failed

Import trace:
  Server Component:
    ./Website/gembira-momento/components/SalesAssessmentClient.tsx
    ./Website/gembira-momento/app/sales-assessment/page.tsx @ :0
[  470023ms] [ERROR] ./Website/gembira-momento/components/SalesAssessmentClient.tsx:1791:10
Expected '</', got '}'
  1789 |             )}
  1790 |           </>
> 1791 |         )}
       |          ^
  1792 |       </div>
  1793 |     </div>
  1794 |   );

Parsing ecmascript source code failed

Import trace:
  Server Component:
    ./Website/gembira-momento/components/SalesAssessmentClient.tsx
    ./Website/gembira-momento/app/sales-assessment/page.tsx @ :0
[  470086ms] [ERROR] ./Website/gembira-momento/components/SalesAssessmentClient.tsx:1791:10
Expected '</', got '}'
  1789 |             )}
  1790 |           </>
> 1791 |         )}
       |          ^
  1792 |       </div>
  1793 |     </div>
  1794 |   );

Parsing ecmascript source code failed

Import trace:
  Server Component:
    ./Website/gembira-momento/components/SalesAssessmentClient.tsx
    ./Website/gembira-momento/app/sales-assessment/page.tsx @ :0
[  470149ms] [ERROR] ./Website/gembira-momento/components/SalesAssessmentClient.tsx:1791:10
Expected '</', got '}'
  1789 |             )}
  1790 |           </>
> 1791 |         )}
       |          ^
  1792 |       </div>
  1793 |     </div>
  1794 |   );

Parsing ecmascript source code failed

Import trace:
  Server Component:
    ./Website/gembira-momento/components/SalesAssessmentClient.tsx
    ./Website/gembira-momento/app/sales-assessment/page.tsx @ :0
[  470215ms] [ERROR] ./Website/gembira-momento/components/SalesAssessmentClient.tsx:1791:10
Expected '</', got '}'
  1789 |             )}
  1790 |           </>
> 1791 |         )}
       |          ^
  1792 |       </div>
  1793 |     </div>
  1794 |   );

Parsing ecmascript source code failed

Import trace:
  Server Component:
    ./Website/gembira-momento/components/SalesAssessmentClient.tsx
    ./Website/gembira-momento/app/sales-assessment/page.tsx @ :0
[  470285ms] [ERROR] ./Website/gembira-momento/components/SalesAssessmentClient.tsx:1791:10
Expected '</', got '}'
  1789 |             )}
  1790 |           </>
> 1791 |         )}
       |          ^
  1792 |       </div>
  1793 |     </div>
  1794 |   );

Parsing ecmascript source code failed

Import trace:
  Server Component:
    ./Website/gembira-momento/components/SalesAssessmentClient.tsx
    ./Website/gembira-momento/app/sales-assessment/page.tsx @ :0
[  470428ms] [LOG] [Fast Refresh] rebuilding @ http://localhost:3000/_next/static/chunks/06i0_next_dist_17ipmx_._.js:2487
[  470562ms] [ERROR] ./Website/gembira-momento/components/SalesAssessmentClient.tsx:1791:10
Expected '</', got '}'
  1789 |             )}
  1790 |           </>
> 1791 |         )}
       |          ^
  1792 |       </div>
  1793 |     </div>
  1794 |   );

Parsing ecmascript source code failed

Import trace:
  Server Component:
    ./Website/gembira-momento/components/SalesAssessmentClient.tsx
    ./Website/gembira-momento/app/sales-assessment/page.tsx @ :0
[  470665ms] [LOG] [Fast Refresh] rebuilding @ http://localhost:3000/_next/static/chunks/06i0_next_dist_17ipmx_._.js:2487
[  470670ms] [ERROR] ./Website/gembira-momento/components/SalesAssessmentClient.tsx:1791:10
Expected '</', got '}'
  1789 |             )}
  1790 |           </>
> 1791 |         )}
       |          ^
  1792 |       </div>
  1793 |     </div>
  1794 |   );

Parsing ecmascript source code failed

Import trace:
  Server Component:
    ./Website/gembira-momento/components/SalesAssessmentClient.tsx
    ./Website/gembira-momento/app/sales-assessment/page.tsx @ :0
[  470736ms] [ERROR] ./Website/gembira-momento/components/SalesAssessmentClient.tsx:1791:10
Expected '</', got '}'
  1789 |             )}
  1790 |           </>
> 1791 |         )}
       |          ^
  1792 |       </div>
  1793 |     </div>
  1794 |   );

Parsing ecmascript source code failed

Import trace:
  Server Component:
    ./Website/gembira-momento/components/SalesAssessmentClient.tsx
    ./Website/gembira-momento/app/sales-assessment/page.tsx @ :0
[  470790ms] [LOG] [Fast Refresh] rebuilding @ http://localhost:3000/_next/static/chunks/06i0_next_dist_17ipmx_._.js:2487
[  470926ms] [LOG] [Fast Refresh] rebuilding @ http://localhost:3000/_next/static/chunks/06i0_next_dist_17ipmx_._.js:2487
[  471030ms] [ERROR] ./Website/gembira-momento/components/SalesAssessmentClient.tsx:1791:10
Expected '</', got '}'
  1789 |             )}
  1790 |           </>
> 1791 |         )}
       |          ^
  1792 |       </div>
  1793 |     </div>
  1794 |   );

Parsing ecmascript source code failed

Import trace:
  Server Component:
    ./Website/gembira-momento/components/SalesAssessmentClient.tsx
    ./Website/gembira-momento/app/sales-assessment/page.tsx @ :0
[  471090ms] [ERROR] ./Website/gembira-momento/components/SalesAssessmentClient.tsx:1791:10
Expected '</', got '}'
  1789 |             )}
  1790 |           </>
> 1791 |         )}
       |          ^
  1792 |       </div>
  1793 |     </div>
  1794 |   );

Parsing ecmascript source code failed

Import trace:
  Server Component:
    ./Website/gembira-momento/components/SalesAssessmentClient.tsx
    ./Website/gembira-momento/app/sales-assessment/page.tsx @ :0
[  471134ms] [LOG] [Fast Refresh] rebuilding @ http://localhost:3000/_next/static/chunks/06i0_next_dist_17ipmx_._.js:2487
[  471292ms] [LOG] [Fast Refresh] rebuilding @ http://localhost:3000/_next/static/chunks/06i0_next_dist_17ipmx_._.js:2487
[  471310ms] [ERROR] ./Website/gembira-momento/components/SalesAssessmentClient.tsx:1791:10
Expected '</', got '}'
  1789 |             )}
  1790 |           </>
> 1791 |         )}
       |          ^
  1792 |       </div>
  1793 |     </div>
  1794 |   );

Parsing ecmascript source code failed

Import trace:
  Server Component:
    ./Website/gembira-momento/components/SalesAssessmentClient.tsx
    ./Website/gembira-momento/app/sales-assessment/page.tsx @ :0
[  471396ms] [ERROR] ./Website/gembira-momento/components/SalesAssessmentClient.tsx:1791:10
Expected '</', got '}'
  1789 |             )}
  1790 |           </>
> 1791 |         )}
       |          ^
  1792 |       </div>
  1793 |     </div>
  1794 |   );

Parsing ecmascript source code failed

Import trace:
  Server Component:
    ./Website/gembira-momento/components/SalesAssessmentClient.tsx
    ./Website/gembira-momento/app/sales-assessment/page.tsx @ :0
[  471414ms] [LOG] [Fast Refresh] rebuilding @ http://localhost:3000/_next/static/chunks/06i0_next_dist_17ipmx_._.js:2487
[  471500ms] [ERROR] ./Website/gembira-momento/components/SalesAssessmentClient.tsx:1791:10
Expected '</', got '}'
  1789 |             )}
  1790 |           </>
> 1791 |         )}
       |          ^
  1792 |       </div>
  1793 |     </div>
  1794 |   );

Parsing ecmascript source code failed

Import trace:
  Server Component:
    ./Website/gembira-momento/components/SalesAssessmentClient.tsx
    ./Website/gembira-momento/app/sales-assessment/page.tsx @ :0
[  471607ms] [ERROR] ./Website/gembira-momento/components/SalesAssessmentClient.tsx:1791:10
Expected '</', got '}'
  1789 |             )}
  1790 |           </>
> 1791 |         )}
       |          ^
  1792 |       </div>
  1793 |     </div>
  1794 |   );

Parsing ecmascript source code failed

Import trace:
  Server Component:
    ./Website/gembira-momento/components/SalesAssessmentClient.tsx
    ./Website/gembira-momento/app/sales-assessment/page.tsx @ :0
[  471663ms] [ERROR] ./Website/gembira-momento/components/SalesAssessmentClient.tsx:1791:10
Expected '</', got '}'
  1789 |             )}
  1790 |           </>
> 1791 |         )}
       |          ^
  1792 |       </div>
  1793 |     </div>
  1794 |   );

Parsing ecmascript source code failed

Import trace:
  Server Component:
    ./Website/gembira-momento/components/SalesAssessmentClient.tsx
    ./Website/gembira-momento/app/sales-assessment/page.tsx @ :0
[  471706ms] [ERROR] ./Website/gembira-momento/components/SalesAssessmentClient.tsx:1791:10
Expected '</', got '}'
  1789 |             )}
  1790 |           </>
> 1791 |         )}
       |          ^
  1792 |       </div>
  1793 |     </div>
  1794 |   );

Parsing ecmascript source code failed

Import trace:
  Server Component:
    ./Website/gembira-momento/components/SalesAssessmentClient.tsx
    ./Website/gembira-momento/app/sales-assessment/page.tsx @ :0
[  471750ms] [ERROR] ./Website/gembira-momento/components/SalesAssessmentClient.tsx:1791:10
Expected '</', got '}'
  1789 |             )}
  1790 |           </>
> 1791 |         )}
       |          ^
  1792 |       </div>
  1793 |     </div>
  1794 |   );

Parsing ecmascript source code failed

Import trace:
  Server Component:
    ./Website/gembira-momento/components/SalesAssessmentClient.tsx
    ./Website/gembira-momento/app/sales-assessment/page.tsx @ :0
[  471814ms] [LOG] [Fast Refresh] rebuilding @ http://localhost:3000/_next/static/chunks/06i0_next_dist_17ipmx_._.js:2487
[  471823ms] [ERROR] ./Website/gembira-momento/components/SalesAssessmentClient.tsx:1791:10
Expected '</', got '}'
  1789 |             )}
  1790 |           </>
> 1791 |         )}
       |          ^
  1792 |       </div>
  1793 |     </div>
  1794 |   );

Parsing ecmascript source code failed

Import trace:
  Server Component:
    ./Website/gembira-momento/components/SalesAssessmentClient.tsx
    ./Website/gembira-momento/app/sales-assessment/page.tsx @ :0
[  471874ms] [ERROR] ./Website/gembira-momento/components/SalesAssessmentClient.tsx:1791:10
Expected '</', got '}'
  1789 |             )}
  1790 |           </>
> 1791 |         )}
       |          ^
  1792 |       </div>
  1793 |     </div>
  1794 |   );

Parsing ecmascript source code failed

Import trace:
  Server Component:
    ./Website/gembira-momento/components/SalesAssessmentClient.tsx
    ./Website/gembira-momento/app/sales-assessment/page.tsx @ :0
[  471976ms] [LOG] [Fast Refresh] rebuilding @ http://localhost:3000/_next/static/chunks/06i0_next_dist_17ipmx_._.js:2487
[  472069ms] [ERROR] ./Website/gembira-momento/components/SalesAssessmentClient.tsx:1791:10
Expected '</', got '}'
  1789 |             )}
  1790 |           </>
> 1791 |         )}
       |          ^
  1792 |       </div>
  1793 |     </div>
  1794 |   );

Parsing ecmascript source code failed

Import trace:
  Server Component:
    ./Website/gembira-momento/components/SalesAssessmentClient.tsx
    ./Website/gembira-momento/app/sales-assessment/page.tsx @ :0
[  472148ms] [ERROR] ./Website/gembira-momento/components/SalesAssessmentClient.tsx:1791:10
Expected '</', got '}'
  1789 |             )}
  1790 |           </>
> 1791 |         )}
       |          ^
  1792 |       </div>
  1793 |     </div>
  1794 |   );

Parsing ecmascript source code failed

Import trace:
  Server Component:
    ./Website/gembira-momento/components/SalesAssessmentClient.tsx
    ./Website/gembira-momento/app/sales-assessment/page.tsx @ :0
[  472220ms] [ERROR] ./Website/gembira-momento/components/SalesAssessmentClient.tsx:1791:10
Expected '</', got '}'
  1789 |             )}
  1790 |           </>
> 1791 |         )}
       |          ^
  1792 |       </div>
  1793 |     </div>
  1794 |   );

Parsing ecmascript source code failed

Import trace:
  Server Component:
    ./Website/gembira-momento/components/SalesAssessmentClient.tsx
    ./Website/gembira-momento/app/sales-assessment/page.tsx @ :0
[  472341ms] [ERROR] ./Website/gembira-momento/components/SalesAssessmentClient.tsx:1791:10
Expected '</', got '}'
  1789 |             )}
  1790 |           </>
> 1791 |         )}
       |          ^
  1792 |       </div>
  1793 |     </div>
  1794 |   );

Parsing ecmascript source code failed

Import trace:
  Server Component:
    ./Website/gembira-momento/components/SalesAssessmentClient.tsx
    ./Website/gembira-momento/app/sales-assessment/page.tsx @ :0
[  472359ms] [LOG] [Fast Refresh] rebuilding @ http://localhost:3000/_next/static/chunks/06i0_next_dist_17ipmx_._.js:2487
[  472411ms] [ERROR] ./Website/gembira-momento/components/SalesAssessmentClient.tsx:1791:10
Expected '</', got '}'
  1789 |             )}
  1790 |           </>
> 1791 |         )}
       |          ^
  1792 |       </div>
  1793 |     </div>
  1794 |   );

Parsing ecmascript source code failed

Import trace:
  Server Component:
    ./Website/gembira-momento/components/SalesAssessmentClient.tsx
    ./Website/gembira-momento/app/sales-assessment/page.tsx @ :0
[  472481ms] [ERROR] ./Website/gembira-momento/components/SalesAssessmentClient.tsx:1791:10
Expected '</', got '}'
  1789 |             )}
  1790 |           </>
> 1791 |         )}
       |          ^
  1792 |       </div>
  1793 |     </div>
  1794 |   );

Parsing ecmascript source code failed

Import trace:
  Server Component:
    ./Website/gembira-momento/components/SalesAssessmentClient.tsx
    ./Website/gembira-momento/app/sales-assessment/page.tsx @ :0
[  472553ms] [ERROR] ./Website/gembira-momento/components/SalesAssessmentClient.tsx:1791:10
Expected '</', got '}'
  1789 |             )}
  1790 |           </>
> 1791 |         )}
       |          ^
  1792 |       </div>
  1793 |     </div>
  1794 |   );

Parsing ecmascript source code failed

Import trace:
  Server Component:
    ./Website/gembira-momento/components/SalesAssessmentClient.tsx
    ./Website/gembira-momento/app/sales-assessment/page.tsx @ :0
[  472623ms] [ERROR] ./Website/gembira-momento/components/SalesAssessmentClient.tsx:1791:10
Expected '</', got '}'
  1789 |             )}
  1790 |           </>
> 1791 |         )}
       |          ^
  1792 |       </div>
  1793 |     </div>
  1794 |   );

Parsing ecmascript source code failed

Import trace:
  Server Component:
    ./Website/gembira-momento/components/SalesAssessmentClient.tsx
    ./Website/gembira-momento/app/sales-assessment/page.tsx @ :0
[  472695ms] [ERROR] ./Website/gembira-momento/components/SalesAssessmentClient.tsx:1791:10
Expected '</', got '}'
  1789 |             )}
  1790 |           </>
> 1791 |         )}
       |          ^
  1792 |       </div>
  1793 |     </div>
  1794 |   );

Parsing ecmascript source code failed

Import trace:
  Server Component:
    ./Website/gembira-momento/components/SalesAssessmentClient.tsx
    ./Website/gembira-momento/app/sales-assessment/page.tsx @ :0
[  472773ms] [ERROR] ./Website/gembira-momento/components/SalesAssessmentClient.tsx:1791:10
Expected '</', got '}'
  1789 |             )}
  1790 |           </>
> 1791 |         )}
       |          ^
  1792 |       </div>
  1793 |     </div>
  1794 |   );

Parsing ecmascript source code failed

Import trace:
  Server Component:
    ./Website/gembira-momento/components/SalesAssessmentClient.tsx
    ./Website/gembira-momento/app/sales-assessment/page.tsx @ :0
[  472834ms] [ERROR] ./Website/gembira-momento/components/SalesAssessmentClient.tsx:1791:10
Expected '</', got '}'
  1789 |             )}
  1790 |           </>
> 1791 |         )}
       |          ^
  1792 |       </div>
  1793 |     </div>
  1794 |   );

Parsing ecmascript source code failed

Import trace:
  Server Component:
    ./Website/gembira-momento/components/SalesAssessmentClient.tsx
    ./Website/gembira-momento/app/sales-assessment/page.tsx @ :0
[  472897ms] [ERROR] ./Website/gembira-momento/components/SalesAssessmentClient.tsx:1791:10
Expected '</', got '}'
  1789 |             )}
  1790 |           </>
> 1791 |         )}
       |          ^
  1792 |       </div>
  1793 |     </div>
  1794 |   );

Parsing ecmascript source code failed

Import trace:
  Server Component:
    ./Website/gembira-momento/components/SalesAssessmentClient.tsx
    ./Website/gembira-momento/app/sales-assessment/page.tsx @ :0
[  472962ms] [ERROR] ./Website/gembira-momento/components/SalesAssessmentClient.tsx:1791:10
Expected '</', got '}'
  1789 |             )}
  1790 |           </>
> 1791 |         )}
       |          ^
  1792 |       </div>
  1793 |     </div>
  1794 |   );

Parsing ecmascript source code failed

Import trace:
  Server Component:
    ./Website/gembira-momento/components/SalesAssessmentClient.tsx
    ./Website/gembira-momento/app/sales-assessment/page.tsx @ :0
[  473025ms] [ERROR] ./Website/gembira-momento/components/SalesAssessmentClient.tsx:1791:10
Expected '</', got '}'
  1789 |             )}
  1790 |           </>
> 1791 |         )}
       |          ^
  1792 |       </div>
  1793 |     </div>
  1794 |   );

Parsing ecmascript source code failed

Import trace:
  Server Component:
    ./Website/gembira-momento/components/SalesAssessmentClient.tsx
    ./Website/gembira-momento/app/sales-assessment/page.tsx @ :0
[  473087ms] [ERROR] ./Website/gembira-momento/components/SalesAssessmentClient.tsx:1791:10
Expected '</', got '}'
  1789 |             )}
  1790 |           </>
> 1791 |         )}
       |          ^
  1792 |       </div>
  1793 |     </div>
  1794 |   );

Parsing ecmascript source code failed

Import trace:
  Server Component:
    ./Website/gembira-momento/components/SalesAssessmentClient.tsx
    ./Website/gembira-momento/app/sales-assessment/page.tsx @ :0
[  473149ms] [ERROR] ./Website/gembira-momento/components/SalesAssessmentClient.tsx:1791:10
Expected '</', got '}'
  1789 |             )}
  1790 |           </>
> 1791 |         )}
       |          ^
  1792 |       </div>
  1793 |     </div>
  1794 |   );

Parsing ecmascript source code failed

Import trace:
  Server Component:
    ./Website/gembira-momento/components/SalesAssessmentClient.tsx
    ./Website/gembira-momento/app/sales-assessment/page.tsx @ :0
[  473211ms] [ERROR] ./Website/gembira-momento/components/SalesAssessmentClient.tsx:1791:10
Expected '</', got '}'
  1789 |             )}
  1790 |           </>
> 1791 |         )}
       |          ^
  1792 |       </div>
  1793 |     </div>
  1794 |   );

Parsing ecmascript source code failed

Import trace:
  Server Component:
    ./Website/gembira-momento/components/SalesAssessmentClient.tsx
    ./Website/gembira-momento/app/sales-assessment/page.tsx @ :0
[  473274ms] [ERROR] ./Website/gembira-momento/components/SalesAssessmentClient.tsx:1791:10
Expected '</', got '}'
  1789 |             )}
  1790 |           </>
> 1791 |         )}
       |          ^
  1792 |       </div>
  1793 |     </div>
  1794 |   );

Parsing ecmascript source code failed

Import trace:
  Server Component:
    ./Website/gembira-momento/components/SalesAssessmentClient.tsx
    ./Website/gembira-momento/app/sales-assessment/page.tsx @ :0
[  473338ms] [ERROR] ./Website/gembira-momento/components/SalesAssessmentClient.tsx:1791:10
Expected '</', got '}'
  1789 |             )}
  1790 |           </>
> 1791 |         )}
       |          ^
  1792 |       </div>
  1793 |     </div>
  1794 |   );

Parsing ecmascript source code failed

Import trace:
  Server Component:
    ./Website/gembira-momento/components/SalesAssessmentClient.tsx
    ./Website/gembira-momento/app/sales-assessment/page.tsx @ :0
[  473406ms] [ERROR] ./Website/gembira-momento/components/SalesAssessmentClient.tsx:1791:10
Expected '</', got '}'
  1789 |             )}
  1790 |           </>
> 1791 |         )}
       |          ^
  1792 |       </div>
  1793 |     </div>
  1794 |   );

Parsing ecmascript source code failed

Import trace:
  Server Component:
    ./Website/gembira-momento/components/SalesAssessmentClient.tsx
    ./Website/gembira-momento/app/sales-assessment/page.tsx @ :0
[  473469ms] [ERROR] ./Website/gembira-momento/components/SalesAssessmentClient.tsx:1791:10
Expected '</', got '}'
  1789 |             )}
  1790 |           </>
> 1791 |         )}
       |          ^
  1792 |       </div>
  1793 |     </div>
  1794 |   );

Parsing ecmascript source code failed

Import trace:
  Server Component:
    ./Website/gembira-momento/components/SalesAssessmentClient.tsx
    ./Website/gembira-momento/app/sales-assessment/page.tsx @ :0
[  473530ms] [ERROR] ./Website/gembira-momento/components/SalesAssessmentClient.tsx:1791:10
Expected '</', got '}'
  1789 |             )}
  1790 |           </>
> 1791 |         )}
       |          ^
  1792 |       </div>
  1793 |     </div>
  1794 |   );

Parsing ecmascript source code failed

Import trace:
  Server Component:
    ./Website/gembira-momento/components/SalesAssessmentClient.tsx
    ./Website/gembira-momento/app/sales-assessment/page.tsx @ :0
[  473594ms] [LOG] [Fast Refresh] rebuilding @ http://localhost:3000/_next/static/chunks/06i0_next_dist_17ipmx_._.js:2487
[  478572ms] [ERROR] ./Website/gembira-momento/components/SalesAssessmentClient.tsx:1791:10
Expected '</', got '}'
  1789 |             )}
  1790 |           </>
> 1791 |         )}
       |          ^
  1792 |       </div>
  1793 |     </div>
  1794 |   );

Parsing ecmascript source code failed

Import trace:
  Server Component:
    ./Website/gembira-momento/components/SalesAssessmentClient.tsx
    ./Website/gembira-momento/app/sales-assessment/page.tsx @ :0
[  478636ms] [ERROR] ./Website/gembira-momento/components/SalesAssessmentClient.tsx:1791:10
Expected '</', got '}'
  1789 |             )}
  1790 |           </>
> 1791 |         )}
       |          ^
  1792 |       </div>
  1793 |     </div>
  1794 |   );

Parsing ecmascript source code failed

Import trace:
  Server Component:
    ./Website/gembira-momento/components/SalesAssessmentClient.tsx
    ./Website/gembira-momento/app/sales-assessment/page.tsx @ :0
[  478698ms] [ERROR] ./Website/gembira-momento/components/SalesAssessmentClient.tsx:1791:10
Expected '</', got '}'
  1789 |             )}
  1790 |           </>
> 1791 |         )}
       |          ^
  1792 |       </div>
  1793 |     </div>
  1794 |   );

Parsing ecmascript source code failed

Import trace:
  Server Component:
    ./Website/gembira-momento/components/SalesAssessmentClient.tsx
    ./Website/gembira-momento/app/sales-assessment/page.tsx @ :0
[  478764ms] [ERROR] ./Website/gembira-momento/components/SalesAssessmentClient.tsx:1791:10
Expected '</', got '}'
  1789 |             )}
  1790 |           </>
> 1791 |         )}
       |          ^
  1792 |       </div>
  1793 |     </div>
  1794 |   );

Parsing ecmascript source code failed

Import trace:
  Server Component:
    ./Website/gembira-momento/components/SalesAssessmentClient.tsx
    ./Website/gembira-momento/app/sales-assessment/page.tsx @ :0
[  478826ms] [ERROR] ./Website/gembira-momento/components/SalesAssessmentClient.tsx:1791:10
Expected '</', got '}'
  1789 |             )}
  1790 |           </>
> 1791 |         )}
       |          ^
  1792 |       </div>
  1793 |     </div>
  1794 |   );

Parsing ecmascript source code failed

Import trace:
  Server Component:
    ./Website/gembira-momento/components/SalesAssessmentClient.tsx
    ./Website/gembira-momento/app/sales-assessment/page.tsx @ :0
[  478890ms] [ERROR] ./Website/gembira-momento/components/SalesAssessmentClient.tsx:1791:10
Expected '</', got '}'
  1789 |             )}
  1790 |           </>
> 1791 |         )}
       |          ^
  1792 |       </div>
  1793 |     </div>
  1794 |   );

Parsing ecmascript source code failed

Import trace:
  Server Component:
    ./Website/gembira-momento/components/SalesAssessmentClient.tsx
    ./Website/gembira-momento/app/sales-assessment/page.tsx @ :0
[  478952ms] [ERROR] ./Website/gembira-momento/components/SalesAssessmentClient.tsx:1791:10
Expected '</', got '}'
  1789 |             )}
  1790 |           </>
> 1791 |         )}
       |          ^
  1792 |       </div>
  1793 |     </div>
  1794 |   );

Parsing ecmascript source code failed

Import trace:
  Server Component:
    ./Website/gembira-momento/components/SalesAssessmentClient.tsx
    ./Website/gembira-momento/app/sales-assessment/page.tsx @ :0
[  479013ms] [ERROR] ./Website/gembira-momento/components/SalesAssessmentClient.tsx:1791:10
Expected '</', got '}'
  1789 |             )}
  1790 |           </>
> 1791 |         )}
       |          ^
  1792 |       </div>
  1793 |     </div>
  1794 |   );

Parsing ecmascript source code failed

Import trace:
  Server Component:
    ./Website/gembira-momento/components/SalesAssessmentClient.tsx
    ./Website/gembira-momento/app/sales-assessment/page.tsx @ :0
[  479076ms] [ERROR] ./Website/gembira-momento/components/SalesAssessmentClient.tsx:1791:10
Expected '</', got '}'
  1789 |             )}
  1790 |           </>
> 1791 |         )}
       |          ^
  1792 |       </div>
  1793 |     </div>
  1794 |   );

Parsing ecmascript source code failed

Import trace:
  Server Component:
    ./Website/gembira-momento/components/SalesAssessmentClient.tsx
    ./Website/gembira-momento/app/sales-assessment/page.tsx @ :0
[  479138ms] [ERROR] ./Website/gembira-momento/components/SalesAssessmentClient.tsx:1791:10
Expected '</', got '}'
  1789 |             )}
  1790 |           </>
> 1791 |         )}
       |          ^
  1792 |       </div>
  1793 |     </div>
  1794 |   );

Parsing ecmascript source code failed

Import trace:
  Server Component:
    ./Website/gembira-momento/components/SalesAssessmentClient.tsx
    ./Website/gembira-momento/app/sales-assessment/page.tsx @ :0
[  479201ms] [ERROR] ./Website/gembira-momento/components/SalesAssessmentClient.tsx:1791:10
Expected '</', got '}'
  1789 |             )}
  1790 |           </>
> 1791 |         )}
       |          ^
  1792 |       </div>
  1793 |     </div>
  1794 |   );

Parsing ecmascript source code failed

Import trace:
  Server Component:
    ./Website/gembira-momento/components/SalesAssessmentClient.tsx
    ./Website/gembira-momento/app/sales-assessment/page.tsx @ :0
[  479265ms] [ERROR] ./Website/gembira-momento/components/SalesAssessmentClient.tsx:1791:10
Expected '</', got '}'
  1789 |             )}
  1790 |           </>
> 1791 |         )}
       |          ^
  1792 |       </div>
  1793 |     </div>
  1794 |   );

Parsing ecmascript source code failed

Import trace:
  Server Component:
    ./Website/gembira-momento/components/SalesAssessmentClient.tsx
    ./Website/gembira-momento/app/sales-assessment/page.tsx @ :0
[  479326ms] [ERROR] ./Website/gembira-momento/components/SalesAssessmentClient.tsx:1791:10
Expected '</', got '}'
  1789 |             )}
  1790 |           </>
> 1791 |         )}
       |          ^
  1792 |       </div>
  1793 |     </div>
  1794 |   );

Parsing ecmascript source code failed

Import trace:
  Server Component:
    ./Website/gembira-momento/components/SalesAssessmentClient.tsx
    ./Website/gembira-momento/app/sales-assessment/page.tsx @ :0
[  479388ms] [ERROR] ./Website/gembira-momento/components/SalesAssessmentClient.tsx:1791:10
Expected '</', got '}'
  1789 |             )}
  1790 |           </>
> 1791 |         )}
       |          ^
  1792 |       </div>
  1793 |     </div>
  1794 |   );

Parsing ecmascript source code failed

Import trace:
  Server Component:
    ./Website/gembira-momento/components/SalesAssessmentClient.tsx
    ./Website/gembira-momento/app/sales-assessment/page.tsx @ :0
[  479450ms] [ERROR] ./Website/gembira-momento/components/SalesAssessmentClient.tsx:1791:10
Expected '</', got '}'
  1789 |             )}
  1790 |           </>
> 1791 |         )}
       |          ^
  1792 |       </div>
  1793 |     </div>
  1794 |   );

Parsing ecmascript source code failed

Import trace:
  Server Component:
    ./Website/gembira-momento/components/SalesAssessmentClient.tsx
    ./Website/gembira-momento/app/sales-assessment/page.tsx @ :0
[  479511ms] [ERROR] ./Website/gembira-momento/components/SalesAssessmentClient.tsx:1791:10
Expected '</', got '}'
  1789 |             )}
  1790 |           </>
> 1791 |         )}
       |          ^
  1792 |       </div>
  1793 |     </div>
  1794 |   );

Parsing ecmascript source code failed

Import trace:
  Server Component:
    ./Website/gembira-momento/components/SalesAssessmentClient.tsx
    ./Website/gembira-momento/app/sales-assessment/page.tsx @ :0
[  479574ms] [ERROR] ./Website/gembira-momento/components/SalesAssessmentClient.tsx:1791:10
Expected '</', got '}'
  1789 |             )}
  1790 |           </>
> 1791 |         )}
       |          ^
  1792 |       </div>
  1793 |     </div>
  1794 |   );

Parsing ecmascript source code failed

Import trace:
  Server Component:
    ./Website/gembira-momento/components/SalesAssessmentClient.tsx
    ./Website/gembira-momento/app/sales-assessment/page.tsx @ :0
[  479635ms] [ERROR] ./Website/gembira-momento/components/SalesAssessmentClient.tsx:1791:10
Expected '</', got '}'
  1789 |             )}
  1790 |           </>
> 1791 |         )}
       |          ^
  1792 |       </div>
  1793 |     </div>
  1794 |   );

Parsing ecmascript source code failed

Import trace:
  Server Component:
    ./Website/gembira-momento/components/SalesAssessmentClient.tsx
    ./Website/gembira-momento/app/sales-assessment/page.tsx @ :0
[  479697ms] [ERROR] ./Website/gembira-momento/components/SalesAssessmentClient.tsx:1791:10
Expected '</', got '}'
  1789 |             )}
  1790 |           </>
> 1791 |         )}
       |          ^
  1792 |       </div>
  1793 |     </div>
  1794 |   );

Parsing ecmascript source code failed

Import trace:
  Server Component:
    ./Website/gembira-momento/components/SalesAssessmentClient.tsx
    ./Website/gembira-momento/app/sales-assessment/page.tsx @ :0
[  479758ms] [ERROR] ./Website/gembira-momento/components/SalesAssessmentClient.tsx:1791:10
Expected '</', got '}'
  1789 |             )}
  1790 |           </>
> 1791 |         )}
       |          ^
  1792 |       </div>
  1793 |     </div>
  1794 |   );

Parsing ecmascript source code failed

Import trace:
  Server Component:
    ./Website/gembira-momento/components/SalesAssessmentClient.tsx
    ./Website/gembira-momento/app/sales-assessment/page.tsx @ :0
[  479820ms] [ERROR] ./Website/gembira-momento/components/SalesAssessmentClient.tsx:1791:10
Expected '</', got '}'
  1789 |             )}
  1790 |           </>
> 1791 |         )}
       |          ^
  1792 |       </div>
  1793 |     </div>
  1794 |   );

Parsing ecmascript source code failed

Import trace:
  Server Component:
    ./Website/gembira-momento/components/SalesAssessmentClient.tsx
    ./Website/gembira-momento/app/sales-assessment/page.tsx @ :0
[  479883ms] [ERROR] ./Website/gembira-momento/components/SalesAssessmentClient.tsx:1791:10
Expected '</', got '}'
  1789 |             )}
  1790 |           </>
> 1791 |         )}
       |          ^
  1792 |       </div>
  1793 |     </div>
  1794 |   );

Parsing ecmascript source code failed

Import trace:
  Server Component:
    ./Website/gembira-momento/components/SalesAssessmentClient.tsx
    ./Website/gembira-momento/app/sales-assessment/page.tsx @ :0
[  479945ms] [ERROR] ./Website/gembira-momento/components/SalesAssessmentClient.tsx:1791:10
Expected '</', got '}'
  1789 |             )}
  1790 |           </>
> 1791 |         )}
       |          ^
  1792 |       </div>
  1793 |     </div>
  1794 |   );

Parsing ecmascript source code failed

Import trace:
  Server Component:
    ./Website/gembira-momento/components/SalesAssessmentClient.tsx
    ./Website/gembira-momento/app/sales-assessment/page.tsx @ :0
[  480004ms] [ERROR] ./Website/gembira-momento/components/SalesAssessmentClient.tsx:1791:10
Expected '</', got '}'
  1789 |             )}
  1790 |           </>
> 1791 |         )}
       |          ^
  1792 |       </div>
  1793 |     </div>
  1794 |   );

Parsing ecmascript source code failed

Import trace:
  Server Component:
    ./Website/gembira-momento/components/SalesAssessmentClient.tsx
    ./Website/gembira-momento/app/sales-assessment/page.tsx @ :0
[  480066ms] [ERROR] ./Website/gembira-momento/components/SalesAssessmentClient.tsx:1791:10
Expected '</', got '}'
  1789 |             )}
  1790 |           </>
> 1791 |         )}
       |          ^
  1792 |       </div>
  1793 |     </div>
  1794 |   );

Parsing ecmascript source code failed

Import trace:
  Server Component:
    ./Website/gembira-momento/components/SalesAssessmentClient.tsx
    ./Website/gembira-momento/app/sales-assessment/page.tsx @ :0
[  480127ms] [ERROR] ./Website/gembira-momento/components/SalesAssessmentClient.tsx:1791:10
Expected '</', got '}'
  1789 |             )}
  1790 |           </>
> 1791 |         )}
       |          ^
  1792 |       </div>
  1793 |     </div>
  1794 |   );

Parsing ecmascript source code failed

Import trace:
  Server Component:
    ./Website/gembira-momento/components/SalesAssessmentClient.tsx
    ./Website/gembira-momento/app/sales-assessment/page.tsx @ :0
[  480189ms] [ERROR] ./Website/gembira-momento/components/SalesAssessmentClient.tsx:1791:10
Expected '</', got '}'
  1789 |             )}
  1790 |           </>
> 1791 |         )}
       |          ^
  1792 |       </div>
  1793 |     </div>
  1794 |   );

Parsing ecmascript source code failed

Import trace:
  Server Component:
    ./Website/gembira-momento/components/SalesAssessmentClient.tsx
    ./Website/gembira-momento/app/sales-assessment/page.tsx @ :0
[  480252ms] [ERROR] ./Website/gembira-momento/components/SalesAssessmentClient.tsx:1791:10
Expected '</', got '}'
  1789 |             )}
  1790 |           </>
> 1791 |         )}
       |          ^
  1792 |       </div>
  1793 |     </div>
  1794 |   );

Parsing ecmascript source code failed

Import trace:
  Server Component:
    ./Website/gembira-momento/components/SalesAssessmentClient.tsx
    ./Website/gembira-momento/app/sales-assessment/page.tsx @ :0
[  480314ms] [ERROR] ./Website/gembira-momento/components/SalesAssessmentClient.tsx:1791:10
Expected '</', got '}'
  1789 |             )}
  1790 |           </>
> 1791 |         )}
       |          ^
  1792 |       </div>
  1793 |     </div>
  1794 |   );

Parsing ecmascript source code failed

Import trace:
  Server Component:
    ./Website/gembira-momento/components/SalesAssessmentClient.tsx
    ./Website/gembira-momento/app/sales-assessment/page.tsx @ :0
[  480380ms] [ERROR] ./Website/gembira-momento/components/SalesAssessmentClient.tsx:1791:10
Expected '</', got '}'
  1789 |             )}
  1790 |           </>
> 1791 |         )}
       |          ^
  1792 |       </div>
  1793 |     </div>
  1794 |   );

Parsing ecmascript source code failed

Import trace:
  Server Component:
    ./Website/gembira-momento/components/SalesAssessmentClient.tsx
    ./Website/gembira-momento/app/sales-assessment/page.tsx @ :0
[  480441ms] [ERROR] ./Website/gembira-momento/components/SalesAssessmentClient.tsx:1791:10
Expected '</', got '}'
  1789 |             )}
  1790 |           </>
> 1791 |         )}
       |          ^
  1792 |       </div>
  1793 |     </div>
  1794 |   );

Parsing ecmascript source code failed

Import trace:
  Server Component:
    ./Website/gembira-momento/components/SalesAssessmentClient.tsx
    ./Website/gembira-momento/app/sales-assessment/page.tsx @ :0
[  480501ms] [ERROR] ./Website/gembira-momento/components/SalesAssessmentClient.tsx:1791:10
Expected '</', got '}'
  1789 |             )}
  1790 |           </>
> 1791 |         )}
       |          ^
  1792 |       </div>
  1793 |     </div>
  1794 |   );

Parsing ecmascript source code failed

Import trace:
  Server Component:
    ./Website/gembira-momento/components/SalesAssessmentClient.tsx
    ./Website/gembira-momento/app/sales-assessment/page.tsx @ :0
[  480564ms] [ERROR] ./Website/gembira-momento/components/SalesAssessmentClient.tsx:1791:10
Expected '</', got '}'
  1789 |             )}
  1790 |           </>
> 1791 |         )}
       |          ^
  1792 |       </div>
  1793 |     </div>
  1794 |   );

Parsing ecmascript source code failed

Import trace:
  Server Component:
    ./Website/gembira-momento/components/SalesAssessmentClient.tsx
    ./Website/gembira-momento/app/sales-assessment/page.tsx @ :0
[  480625ms] [ERROR] ./Website/gembira-momento/components/SalesAssessmentClient.tsx:1791:10
Expected '</', got '}'
  1789 |             )}
  1790 |           </>
> 1791 |         )}
       |          ^
  1792 |       </div>
  1793 |     </div>
  1794 |   );

Parsing ecmascript source code failed

Import trace:
  Server Component:
    ./Website/gembira-momento/components/SalesAssessmentClient.tsx
    ./Website/gembira-momento/app/sales-assessment/page.tsx @ :0
[  480686ms] [ERROR] ./Website/gembira-momento/components/SalesAssessmentClient.tsx:1791:10
Expected '</', got '}'
  1789 |             )}
  1790 |           </>
> 1791 |         )}
       |          ^
  1792 |       </div>
  1793 |     </div>
  1794 |   );

Parsing ecmascript source code failed

Import trace:
  Server Component:
    ./Website/gembira-momento/components/SalesAssessmentClient.tsx
    ./Website/gembira-momento/app/sales-assessment/page.tsx @ :0
[  480749ms] [ERROR] ./Website/gembira-momento/components/SalesAssessmentClient.tsx:1791:10
Expected '</', got '}'
  1789 |             )}
  1790 |           </>
> 1791 |         )}
       |          ^
  1792 |       </div>
  1793 |     </div>
  1794 |   );

Parsing ecmascript source code failed

Import trace:
  Server Component:
    ./Website/gembira-momento/components/SalesAssessmentClient.tsx
    ./Website/gembira-momento/app/sales-assessment/page.tsx @ :0
[  480811ms] [ERROR] ./Website/gembira-momento/components/SalesAssessmentClient.tsx:1791:10
Expected '</', got '}'
  1789 |             )}
  1790 |           </>
> 1791 |         )}
       |          ^
  1792 |       </div>
  1793 |     </div>
  1794 |   );

Parsing ecmascript source code failed

Import trace:
  Server Component:
    ./Website/gembira-momento/components/SalesAssessmentClient.tsx
    ./Website/gembira-momento/app/sales-assessment/page.tsx @ :0
[  480873ms] [ERROR] ./Website/gembira-momento/components/SalesAssessmentClient.tsx:1791:10
Expected '</', got '}'
  1789 |             )}
  1790 |           </>
> 1791 |         )}
       |          ^
  1792 |       </div>
  1793 |     </div>
  1794 |   );

Parsing ecmascript source code failed

Import trace:
  Server Component:
    ./Website/gembira-momento/components/SalesAssessmentClient.tsx
    ./Website/gembira-momento/app/sales-assessment/page.tsx @ :0
[  480937ms] [ERROR] ./Website/gembira-momento/components/SalesAssessmentClient.tsx:1791:10
Expected '</', got '}'
  1789 |             )}
  1790 |           </>
> 1791 |         )}
       |          ^
  1792 |       </div>
  1793 |     </div>
  1794 |   );

Parsing ecmascript source code failed

Import trace:
  Server Component:
    ./Website/gembira-momento/components/SalesAssessmentClient.tsx
    ./Website/gembira-momento/app/sales-assessment/page.tsx @ :0
[  480999ms] [ERROR] ./Website/gembira-momento/components/SalesAssessmentClient.tsx:1791:10
Expected '</', got '}'
  1789 |             )}
  1790 |           </>
> 1791 |         )}
       |          ^
  1792 |       </div>
  1793 |     </div>
  1794 |   );

Parsing ecmascript source code failed

Import trace:
  Server Component:
    ./Website/gembira-momento/components/SalesAssessmentClient.tsx
    ./Website/gembira-momento/app/sales-assessment/page.tsx @ :0
[  481083ms] [ERROR] ./Website/gembira-momento/components/SalesAssessmentClient.tsx:1791:10
Expected '</', got '}'
  1789 |             )}
  1790 |           </>
> 1791 |         )}
       |          ^
  1792 |       </div>
  1793 |     </div>
  1794 |   );

Parsing ecmascript source code failed

Import trace:
  Server Component:
    ./Website/gembira-momento/components/SalesAssessmentClient.tsx
    ./Website/gembira-momento/app/sales-assessment/page.tsx @ :0
[  481141ms] [ERROR] ./Website/gembira-momento/components/SalesAssessmentClient.tsx:1791:10
Expected '</', got '}'
  1789 |             )}
  1790 |           </>
> 1791 |         )}
       |          ^
  1792 |       </div>
  1793 |     </div>
  1794 |   );

Parsing ecmascript source code failed

Import trace:
  Server Component:
    ./Website/gembira-momento/components/SalesAssessmentClient.tsx
    ./Website/gembira-momento/app/sales-assessment/page.tsx @ :0
[  481225ms] [ERROR] ./Website/gembira-momento/components/SalesAssessmentClient.tsx:1791:10
Expected '</', got '}'
  1789 |             )}
  1790 |           </>
> 1791 |         )}
       |          ^
  1792 |       </div>
  1793 |     </div>
  1794 |   );

Parsing ecmascript source code failed

Import trace:
  Server Component:
    ./Website/gembira-momento/components/SalesAssessmentClient.tsx
    ./Website/gembira-momento/app/sales-assessment/page.tsx @ :0
[  481247ms] [LOG] [Fast Refresh] rebuilding @ http://localhost:3000/_next/static/chunks/06i0_next_dist_17ipmx_._.js:2487
[  481285ms] [ERROR] ./Website/gembira-momento/components/SalesAssessmentClient.tsx:1791:10
Expected '</', got '}'
  1789 |             )}
  1790 |           </>
> 1791 |         )}
       |          ^
  1792 |       </div>
  1793 |     </div>
  1794 |   );

Parsing ecmascript source code failed

Import trace:
  Server Component:
    ./Website/gembira-momento/components/SalesAssessmentClient.tsx
    ./Website/gembira-momento/app/sales-assessment/page.tsx @ :0
[  481346ms] [ERROR] ./Website/gembira-momento/components/SalesAssessmentClient.tsx:1791:10
Expected '</', got '}'
  1789 |             )}
  1790 |           </>
> 1791 |         )}
       |          ^
  1792 |       </div>
  1793 |     </div>
  1794 |   );

Parsing ecmascript source code failed

Import trace:
  Server Component:
    ./Website/gembira-momento/components/SalesAssessmentClient.tsx
    ./Website/gembira-momento/app/sales-assessment/page.tsx @ :0
[  481406ms] [ERROR] ./Website/gembira-momento/components/SalesAssessmentClient.tsx:1791:10
Expected '</', got '}'
  1789 |             )}
  1790 |           </>
> 1791 |         )}
       |          ^
  1792 |       </div>
  1793 |     </div>
  1794 |   );

Parsing ecmascript source code failed

Import trace:
  Server Component:
    ./Website/gembira-momento/components/SalesAssessmentClient.tsx
    ./Website/gembira-momento/app/sales-assessment/page.tsx @ :0
[  481472ms] [ERROR] ./Website/gembira-momento/components/SalesAssessmentClient.tsx:1791:10
Expected '</', got '}'
  1789 |             )}
  1790 |           </>
> 1791 |         )}
       |          ^
  1792 |       </div>
  1793 |     </div>
  1794 |   );

Parsing ecmascript source code failed

Import trace:
  Server Component:
    ./Website/gembira-momento/components/SalesAssessmentClient.tsx
    ./Website/gembira-momento/app/sales-assessment/page.tsx @ :0
[  481571ms] [ERROR] ./Website/gembira-momento/components/SalesAssessmentClient.tsx:1791:10
Expected '</', got '}'
  1789 |             )}
  1790 |           </>
> 1791 |         )}
       |          ^
  1792 |       </div>
  1793 |     </div>
  1794 |   );

Parsing ecmascript source code failed

Import trace:
  Server Component:
    ./Website/gembira-momento/components/SalesAssessmentClient.tsx
    ./Website/gembira-momento/app/sales-assessment/page.tsx @ :0
[  481689ms] [LOG] [Fast Refresh] rebuilding @ http://localhost:3000/_next/static/chunks/06i0_next_dist_17ipmx_._.js:2487
[  482782ms] [LOG] [Fast Refresh] done in 622ms @ http://localhost:3000/_next/static/chunks/06i0_next_dist_17ipmx_._.js:2487
[  493968ms] [LOG] [Fast Refresh] rebuilding @ http://localhost:3000/_next/static/chunks/06i0_next_dist_17ipmx_._.js:2487
[  493978ms] [LOG] [Fast Refresh] done in 112ms @ http://localhost:3000/_next/static/chunks/06i0_next_dist_17ipmx_._.js:2487
[  511431ms] [LOG] [Fast Refresh] rebuilding @ http://localhost:3000/_next/static/chunks/06i0_next_dist_17ipmx_._.js:2487
[  512160ms] [LOG] [Fast Refresh] done in 407ms @ http://localhost:3000/_next/static/chunks/06i0_next_dist_17ipmx_._.js:2487
[  537277ms] [LOG] [Fast Refresh] rebuilding @ http://localhost:3000/_next/static/chunks/06i0_next_dist_17ipmx_._.js:2487
[  537951ms] [LOG] [Fast Refresh] done in 450ms @ http://localhost:3000/_next/static/chunks/06i0_next_dist_17ipmx_._.js:2487
[  548598ms] [LOG] [Fast Refresh] rebuilding @ http://localhost:3000/_next/static/chunks/06i0_next_dist_17ipmx_._.js:2487
[  549125ms] [LOG] [Fast Refresh] done in 325ms @ http://localhost:3000/_next/static/chunks/06i0_next_dist_17ipmx_._.js:2487
[ 1192875ms] [LOG] [HMR] connected @ http://localhost:3000/_next/static/chunks/06i0_next_dist_17ipmx_._.js:2487
[12197041ms] [LOG] [HMR] connected @ http://localhost:3000/_next/static/chunks/06i0_next_dist_17ipmx_._.js:2487
[12197171ms] [LOG] [Fast Refresh] rebuilding @ http://localhost:3000/_next/static/chunks/06i0_next_dist_17ipmx_._.js:2487
[12197212ms] [LOG] [Fast Refresh] done in 142ms @ http://localhost:3000/_next/static/chunks/06i0_next_dist_17ipmx_._.js:2487
[20223765ms] [ERROR] WebSocket connection to 'ws://localhost:3000/_next/webpack-hmr?id=RP00PI00KPp_YqXPdPMCt' failed: Error in connection establishment: net::ERR_CONNECTION_REFUSED @ http://localhost:3000/_next/static/chunks/06i0_next_dist_client_02wteul._.js:13422
